-- The CXX compiler identification is GNU 11.4.0
-- Detecting CXX compiler ABI info
-- Detecting CXX compiler ABI info - done
-- Check for working CXX compiler: /usr/bin/c++ - skipped
-- Detecting CXX compile features
-- Detecting CXX compile features - done
-- Found ament_cmake: 1.3.6 (/opt/ros/humble/share/ament_cmake/cmake)
-- Found Python3: /usr/bin/python3.10 (found version "3.10.12") found components: Interpreter 
-- Found hardware_interface: 2.37.0 (/opt/ros/humble/share/hardware_interface/cmake)
-- Found rosidl_generator_c: 3.1.5 (/opt/ros/humble/share/rosidl_generator_c/cmake)
-- Found rosidl_adapter: 3.1.5 (/opt/ros/humble/share/rosidl_adapter/cmake)
-- Found rosidl_generator_cpp: 3.1.5 (/opt/ros/humble/share/rosidl_generator_cpp/cmake)
-- Using all available rosidl_typesupport_c: rosidl_typesupport_fastrtps_c;rosidl_typesupport_introspection_c
-- Using all available rosidl_typesupport_cpp: rosidl_typesupport_fastrtps_cpp;rosidl_typesupport_introspection_cpp
-- Found rmw_implementation_cmake: 6.1.1 (/opt/ros/humble/share/rmw_implementation_cmake/cmake)
-- Found rmw_fastrtps_cpp: 6.2.5 (/opt/ros/humble/share/rmw_fastrtps_cpp/cmake)
-- Found TinyXML2 via Config file: TinyXML2_DIR-NOTFOUND
-- Found OpenSSL: /usr/lib/aarch64-linux-gnu/libcrypto.so (found version "3.0.2")  
-- Found TinyXML2 via Config file: TinyXML2_DIR-NOTFOUND
-- Found FastRTPS: /opt/ros/humble/include  
-- Found TinyXML2 via Config file: TinyXML2_DIR-NOTFOUND
-- Found TinyXML2 via Config file: TinyXML2_DIR-NOTFOUND
-- Using RMW implementation 'rmw_fastrtps_cpp' as default
-- Looking for C++ include pthread.h
-- Looking for C++ include pthread.h - found
-- Performing Test CMAKE_HAVE_LIBC_PTHREAD
-- Performing Test CMAKE_HAVE_LIBC_PTHREAD - Success
-- Found Threads: TRUE  
-- Found ament_cmake_pytest: 1.3.6 (/opt/ros/humble/share/ament_cmake_pytest/cmake)
-- Configuring done
-- Generating done
-- Build files have been written to: /home/ubuntu/Documents/swarm/build/ros2_control_demo_example_2
[ 50%] [32mBuilding CXX object CMakeFiles/ros2_control_demo_example_2.dir/hardware/diffbot_system.cpp.o[0m
In file included from [01m[K/home/ubuntu/Documents/swarm/ros/src/example_2/hardware/diffbot_system.cpp:15[m[K:
[01m[K/home/ubuntu/Documents/swarm/ros/src/example_2/hardware/include/ros2_control_demo_example_2/diffbot_system.hpp:79:3:[m[K [01;31m[Kerror: [m[Kâ€˜[01m[KPiComms[m[Kâ€™ does not name a type
   79 |   [01;31m[KPiComms[m[K comms_;
      |   [01;31m[K^~~~~~~[m[K
[01m[K/home/ubuntu/Documents/swarm/ros/src/example_2/hardware/include/ros2_control_demo_example_2/diffbot_system.hpp:81:3:[m[K [01;31m[Kerror: [m[Kâ€˜[01m[KWheel[m[Kâ€™ does not name a type
   81 |   [01;31m[KWheel[m[K wheel_l_;
      |   [01;31m[K^~~~~[m[K
[01m[K/home/ubuntu/Documents/swarm/ros/src/example_2/hardware/include/ros2_control_demo_example_2/diffbot_system.hpp:82:3:[m[K [01;31m[Kerror: [m[Kâ€˜[01m[KWheel[m[Kâ€™ does not name a type
   82 |   [01;31m[KWheel[m[K wheel_r_;
      |   [01;31m[K^~~~~[m[K
[01m[K/home/ubuntu/Documents/swarm/ros/src/example_2/hardware/diffbot_system.cpp:[m[K In member function â€˜[01m[Kvirtual hardware_interface::CallbackReturn ros2_control_demo_example_2::DiffBotSystemHardware::on_init(const hardware_interface::HardwareInfo&)[m[Kâ€™:
[01m[K/home/ubuntu/Documents/swarm/ros/src/example_2/hardware/diffbot_system.cpp:43:3:[m[K [01;31m[Kerror: [m[Kâ€˜[01m[Kwheel_l_[m[Kâ€™ was not declared in this scope
   43 |   [01;31m[Kwheel_l_[m[K.setup(cfg_.left_wheel_name, cfg_.enc_counts_per_rev);
      |   [01;31m[K^~~~~~~~[m[K
[01m[K/home/ubuntu/Documents/swarm/ros/src/example_2/hardware/diffbot_system.cpp:44:3:[m[K [01;31m[Kerror: [m[Kâ€˜[01m[Kwheel_r_[m[Kâ€™ was not declared in this scope
   44 |   [01;31m[Kwheel_r_[m[K.setup(cfg_.right_wheel_name, cfg_.enc_counts_per_rev);
      |   [01;31m[K^~~~~~~~[m[K
[01m[K/home/ubuntu/Documents/swarm/ros/src/example_2/hardware/diffbot_system.cpp:[m[K In member function â€˜[01m[Kvirtual std::vector<hardware_interface::StateInterface> ros2_control_demo_example_2::DiffBotSystemHardware::export_state_interfaces()[m[Kâ€™:
[01m[K/home/ubuntu/Documents/swarm/ros/src/example_2/hardware/diffbot_system.cpp:102:68:[m[K [01;31m[Kerror: [m[Kâ€˜[01m[Kwheel_l_[m[Kâ€™ was not declared in this scope
  102 |   state_interfaces.emplace_back(hardware_interface::StateInterface([01;31m[Kwheel_l_[m[K.name, hardware_interface::HW_IF_POSITION, &wheel_l_.pos));
      |                                                                    [01;31m[K^~~~~~~~[m[K
[01m[K/home/ubuntu/Documents/swarm/ros/src/example_2/hardware/diffbot_system.cpp:105:68:[m[K [01;31m[Kerror: [m[Kâ€˜[01m[Kwheel_r_[m[Kâ€™ was not declared in this scope
  105 |   state_interfaces.emplace_back(hardware_interface::StateInterface([01;31m[Kwheel_r_[m[K.name, hardware_interface::HW_IF_POSITION, &wheel_r_.pos));
      |                                                                    [01;31m[K^~~~~~~~[m[K
[01m[K/home/ubuntu/Documents/swarm/ros/src/example_2/hardware/diffbot_system.cpp:108:46:[m[K [01;31m[Kerror: [m[Kcould not convert â€˜[01m[Krclcpp_lifecycle::node_interfaces::LifecycleNodeInterface::CallbackReturn::SUCCESS[m[Kâ€™ from â€˜[01m[Krclcpp_lifecycle::node_interfaces::LifecycleNodeInterface::CallbackReturn[m[Kâ€™ to â€˜[01m[Kstd::vector<hardware_interface::StateInterface>[m[Kâ€™
  108 |   return hardware_interface::CallbackReturn::[01;31m[KSUCCESS[m[K;
      |                                              [01;31m[K^~~~~~~[m[K
      |                                              [01;31m[K|[m[K
      |                                              [01;31m[Krclcpp_lifecycle::node_interfaces::LifecycleNodeInterface::CallbackReturn[m[K
[01m[K/home/ubuntu/Documents/swarm/ros/src/example_2/hardware/diffbot_system.cpp:[m[K In member function â€˜[01m[Kvirtual hardware_interface::CallbackReturn ros2_control_demo_example_2::DiffBotSystemHardware::on_deactivate(const rclcpp_lifecycle::State&)[m[Kâ€™:
[01m[K/home/ubuntu/Documents/swarm/ros/src/example_2/hardware/diffbot_system.cpp:115:3:[m[K [01;31m[Kerror: [m[Kâ€˜[01m[Kcomms_[m[Kâ€™ was not declared in this scope
  115 |   [01;31m[Kcomms_[m[K.disconnect();
      |   [01;31m[K^~~~~~[m[K
[01m[K/home/ubuntu/Documents/swarm/ros/src/example_2/hardware/diffbot_system.cpp:[m[K In member function â€˜[01m[Kvirtual hardware_interface::return_type ros2_control_demo_example_2::DiffBotSystemHardware::read(const rclcpp::Time&, const rclcpp::Duration&)[m[Kâ€™:
[01m[K/home/ubuntu/Documents/swarm/ros/src/example_2/hardware/diffbot_system.cpp:124:3:[m[K [01;31m[Kerror: [m[Kâ€˜[01m[Kcomms_[m[Kâ€™ was not declared in this scope
  124 |   [01;31m[Kcomms_[m[K.read_encoder_values(wheel_l_.enc, wheel_r_.enc);
      |   [01;31m[K^~~~~~[m[K
[01m[K/home/ubuntu/Documents/swarm/ros/src/example_2/hardware/diffbot_system.cpp:124:30:[m[K [01;31m[Kerror: [m[Kâ€˜[01m[Kwheel_l_[m[Kâ€™ was not declared in this scope
  124 |   comms_.read_encoder_values([01;31m[Kwheel_l_[m[K.enc, wheel_r_.enc);
      |                              [01;31m[K^~~~~~~~[m[K
[01m[K/home/ubuntu/Documents/swarm/ros/src/example_2/hardware/diffbot_system.cpp:124:44:[m[K [01;31m[Kerror: [m[Kâ€˜[01m[Kwheel_r_[m[Kâ€™ was not declared in this scope
  124 |   comms_.read_encoder_values(wheel_l_.enc, [01;31m[Kwheel_r_[m[K.enc);
      |                                            [01;31m[K^~~~~~~~[m[K
[01m[K/home/ubuntu/Documents/swarm/ros/src/example_2/hardware/diffbot_system.cpp:[m[K In member function â€˜[01m[Kvirtual hardware_interface::return_type ros2_control_demo_example_2::DiffBotSystemHardware::write(const rclcpp::Time&, const rclcpp::Duration&)[m[Kâ€™:
[01m[K/home/ubuntu/Documents/swarm/ros/src/example_2/hardware/diffbot_system.cpp:142:8:[m[K [01;31m[Kerror: [m[Kâ€˜[01m[Kcomms_[m[Kâ€™ was not declared in this scope
  142 |   if (![01;31m[Kcomms_[m[K.connected())
      |        [01;31m[K^~~~~~[m[K
[01m[K/home/ubuntu/Documents/swarm/ros/src/example_2/hardware/diffbot_system.cpp:150:3:[m[K [01;31m[Kerror: [m[Kâ€˜[01m[Kcomms_[m[Kâ€™ was not declared in this scope
  150 |   [01;31m[Kcomms_[m[K.set_motor_values(motor_l_counts_per_loop, motor_r_counts_per_loop);
      |   [01;31m[K^~~~~~[m[K
gmake[2]: *** [CMakeFiles/ros2_control_demo_example_2.dir/build.make:76: CMakeFiles/ros2_control_demo_example_2.dir/hardware/diffbot_system.cpp.o] Error 1
gmake[1]: *** [CMakeFiles/Makefile2:137: CMakeFiles/ros2_control_demo_example_2.dir/all] Error 2
gmake: *** [Makefile:146: all] Error 2
