[0.035s] Invoking command in '/home/ubuntu/Documents/swarm/build/ros2_control_demo_example_2': AMENT_PREFIX_PATH=/home/ubuntu/Documents/swarm/install/ros2_control_demo_description:${AMENT_PREFIX_PATH} CMAKE_PREFIX_PATH=/home/ubuntu/Documents/swarm/install/ros2_control_demo_description:/opt/ros/humble /usr/bin/cmake /home/ubuntu/Documents/swarm/ros/src/example_2 -DCMAKE_INSTALL_PREFIX=/home/ubuntu/Documents/swarm/install/ros2_control_demo_example_2
[0.067s] -- The CXX compiler identification is GNU 11.4.0
[0.070s] -- Detecting CXX compiler ABI info
[0.125s] -- Detecting CXX compiler ABI info - done
[0.129s] -- Check for working CXX compiler: /usr/bin/c++ - skipped
[0.129s] -- Detecting CXX compile features
[0.129s] -- Detecting CXX compile features - done
[0.130s] -- Found ament_cmake: 1.3.6 (/opt/ros/humble/share/ament_cmake/cmake)
[0.285s] -- Found Python3: /usr/bin/python3.10 (found version "3.10.12") found components: Interpreter 
[0.358s] -- Found hardware_interface: 2.37.0 (/opt/ros/humble/share/hardware_interface/cmake)
[0.381s] -- Found rosidl_generator_c: 3.1.5 (/opt/ros/humble/share/rosidl_generator_c/cmake)
[0.383s] -- Found rosidl_adapter: 3.1.5 (/opt/ros/humble/share/rosidl_adapter/cmake)
[0.387s] -- Found rosidl_generator_cpp: 3.1.5 (/opt/ros/humble/share/rosidl_generator_cpp/cmake)
[0.393s] -- Using all available rosidl_typesupport_c: rosidl_typesupport_fastrtps_c;rosidl_typesupport_introspection_c
[0.402s] -- Using all available rosidl_typesupport_cpp: rosidl_typesupport_fastrtps_cpp;rosidl_typesupport_introspection_cpp
[0.814s] -- Found rmw_implementation_cmake: 6.1.1 (/opt/ros/humble/share/rmw_implementation_cmake/cmake)
[0.815s] -- Found rmw_fastrtps_cpp: 6.2.5 (/opt/ros/humble/share/rmw_fastrtps_cpp/cmake)
[0.833s] -- Found TinyXML2 via Config file: TinyXML2_DIR-NOTFOUND
[0.849s] -- Found OpenSSL: /usr/lib/aarch64-linux-gnu/libcrypto.so (found version "3.0.2")  
[0.850s] -- Found TinyXML2 via Config file: TinyXML2_DIR-NOTFOUND
[0.859s] -- Found FastRTPS: /opt/ros/humble/include  
[0.866s] -- Found TinyXML2 via Config file: TinyXML2_DIR-NOTFOUND
[0.870s] -- Found TinyXML2 via Config file: TinyXML2_DIR-NOTFOUND
[0.874s] -- Using RMW implementation 'rmw_fastrtps_cpp' as default
[0.879s] -- Looking for C++ include pthread.h
[0.919s] -- Looking for C++ include pthread.h - found
[0.919s] -- Performing Test CMAKE_HAVE_LIBC_PTHREAD
[0.987s] -- Performing Test CMAKE_HAVE_LIBC_PTHREAD - Success
[0.988s] -- Found Threads: TRUE  
[1.119s] -- Found ament_cmake_pytest: 1.3.6 (/opt/ros/humble/share/ament_cmake_pytest/cmake)
[1.465s] -- Configuring done
[1.494s] -- Generating done
[1.495s] -- Build files have been written to: /home/ubuntu/Documents/swarm/build/ros2_control_demo_example_2
[1.500s] Invoked command in '/home/ubuntu/Documents/swarm/build/ros2_control_demo_example_2' returned '0': AMENT_PREFIX_PATH=/home/ubuntu/Documents/swarm/install/ros2_control_demo_description:${AMENT_PREFIX_PATH} CMAKE_PREFIX_PATH=/home/ubuntu/Documents/swarm/install/ros2_control_demo_description:/opt/ros/humble /usr/bin/cmake /home/ubuntu/Documents/swarm/ros/src/example_2 -DCMAKE_INSTALL_PREFIX=/home/ubuntu/Documents/swarm/install/ros2_control_demo_example_2
[1.501s] Invoking command in '/home/ubuntu/Documents/swarm/build/ros2_control_demo_example_2': AMENT_PREFIX_PATH=/home/ubuntu/Documents/swarm/install/ros2_control_demo_description:${AMENT_PREFIX_PATH} CMAKE_PREFIX_PATH=/home/ubuntu/Documents/swarm/install/ros2_control_demo_description:/opt/ros/humble /usr/bin/cmake --build /home/ubuntu/Documents/swarm/build/ros2_control_demo_example_2 -- -j8 -l8
[1.541s] [ 50%] [32mBuilding CXX object CMakeFiles/ros2_control_demo_example_2.dir/hardware/diffbot_system.cpp.o[0m
[2.005s] In file included from [01m[K/home/ubuntu/Documents/swarm/ros/src/example_2/hardware/diffbot_system.cpp:15[m[K:
[2.005s] [01m[K/home/ubuntu/Documents/swarm/ros/src/example_2/hardware/include/ros2_control_demo_example_2/diffbot_system.hpp:79:3:[m[K [01;31m[Kerror: [m[Kâ€˜[01m[KPiComms[m[Kâ€™ does not name a type
[2.005s]    79 |   [01;31m[KPiComms[m[K comms_;
[2.005s]       |   [01;31m[K^~~~~~~[m[K
[2.005s] [01m[K/home/ubuntu/Documents/swarm/ros/src/example_2/hardware/include/ros2_control_demo_example_2/diffbot_system.hpp:81:3:[m[K [01;31m[Kerror: [m[Kâ€˜[01m[KWheel[m[Kâ€™ does not name a type
[2.005s]    81 |   [01;31m[KWheel[m[K wheel_l_;
[2.005s]       |   [01;31m[K^~~~~[m[K
[2.006s] [01m[K/home/ubuntu/Documents/swarm/ros/src/example_2/hardware/include/ros2_control_demo_example_2/diffbot_system.hpp:82:3:[m[K [01;31m[Kerror: [m[Kâ€˜[01m[KWheel[m[Kâ€™ does not name a type
[2.006s]    82 |   [01;31m[KWheel[m[K wheel_r_;
[2.006s]       |   [01;31m[K^~~~~[m[K
[2.706s] [01m[K/home/ubuntu/Documents/swarm/ros/src/example_2/hardware/diffbot_system.cpp:[m[K In member function â€˜[01m[Kvirtual hardware_interface::CallbackReturn ros2_control_demo_example_2::DiffBotSystemHardware::on_init(const hardware_interface::HardwareInfo&)[m[Kâ€™:
[2.706s] [01m[K/home/ubuntu/Documents/swarm/ros/src/example_2/hardware/diffbot_system.cpp:43:3:[m[K [01;31m[Kerror: [m[Kâ€˜[01m[Kwheel_l_[m[Kâ€™ was not declared in this scope
[2.707s]    43 |   [01;31m[Kwheel_l_[m[K.setup(cfg_.left_wheel_name, cfg_.enc_counts_per_rev);
[2.707s]       |   [01;31m[K^~~~~~~~[m[K
[2.710s] [01m[K/home/ubuntu/Documents/swarm/ros/src/example_2/hardware/diffbot_system.cpp:44:3:[m[K [01;31m[Kerror: [m[Kâ€˜[01m[Kwheel_r_[m[Kâ€™ was not declared in this scope
[2.710s]    44 |   [01;31m[Kwheel_r_[m[K.setup(cfg_.right_wheel_name, cfg_.enc_counts_per_rev);
[2.710s]       |   [01;31m[K^~~~~~~~[m[K
[2.717s] [01m[K/home/ubuntu/Documents/swarm/ros/src/example_2/hardware/diffbot_system.cpp:[m[K In member function â€˜[01m[Kvirtual std::vector<hardware_interface::StateInterface> ros2_control_demo_example_2::DiffBotSystemHardware::export_state_interfaces()[m[Kâ€™:
[2.717s] [01m[K/home/ubuntu/Documents/swarm/ros/src/example_2/hardware/diffbot_system.cpp:102:68:[m[K [01;31m[Kerror: [m[Kâ€˜[01m[Kwheel_l_[m[Kâ€™ was not declared in this scope
[2.717s]   102 |   state_interfaces.emplace_back(hardware_interface::StateInterface([01;31m[Kwheel_l_[m[K.name, hardware_interface::HW_IF_POSITION, &wheel_l_.pos));
[2.718s]       |                                                                    [01;31m[K^~~~~~~~[m[K
[2.721s] [01m[K/home/ubuntu/Documents/swarm/ros/src/example_2/hardware/diffbot_system.cpp:105:68:[m[K [01;31m[Kerror: [m[Kâ€˜[01m[Kwheel_r_[m[Kâ€™ was not declared in this scope
[2.721s]   105 |   state_interfaces.emplace_back(hardware_interface::StateInterface([01;31m[Kwheel_r_[m[K.name, hardware_interface::HW_IF_POSITION, &wheel_r_.pos));
[2.721s]       |                                                                    [01;31m[K^~~~~~~~[m[K
[2.722s] [01m[K/home/ubuntu/Documents/swarm/ros/src/example_2/hardware/diffbot_system.cpp:108:46:[m[K [01;31m[Kerror: [m[Kcould not convert â€˜[01m[Krclcpp_lifecycle::node_interfaces::LifecycleNodeInterface::CallbackReturn::SUCCESS[m[Kâ€™ from â€˜[01m[Krclcpp_lifecycle::node_interfaces::LifecycleNodeInterface::CallbackReturn[m[Kâ€™ to â€˜[01m[Kstd::vector<hardware_interface::StateInterface>[m[Kâ€™
[2.722s]   108 |   return hardware_interface::CallbackReturn::[01;31m[KSUCCESS[m[K;
[2.722s]       |                                              [01;31m[K^~~~~~~[m[K
[2.722s]       |                                              [01;31m[K|[m[K
[2.722s]       |                                              [01;31m[Krclcpp_lifecycle::node_interfaces::LifecycleNodeInterface::CallbackReturn[m[K
[2.725s] [01m[K/home/ubuntu/Documents/swarm/ros/src/example_2/hardware/diffbot_system.cpp:[m[K In member function â€˜[01m[Kvirtual hardware_interface::CallbackReturn ros2_control_demo_example_2::DiffBotSystemHardware::on_deactivate(const rclcpp_lifecycle::State&)[m[Kâ€™:
[2.725s] [01m[K/home/ubuntu/Documents/swarm/ros/src/example_2/hardware/diffbot_system.cpp:115:3:[m[K [01;31m[Kerror: [m[Kâ€˜[01m[Kcomms_[m[Kâ€™ was not declared in this scope
[2.725s]   115 |   [01;31m[Kcomms_[m[K.disconnect();
[2.725s]       |   [01;31m[K^~~~~~[m[K
[2.729s] [01m[K/home/ubuntu/Documents/swarm/ros/src/example_2/hardware/diffbot_system.cpp:[m[K In member function â€˜[01m[Kvirtual hardware_interface::return_type ros2_control_demo_example_2::DiffBotSystemHardware::read(const rclcpp::Time&, const rclcpp::Duration&)[m[Kâ€™:
[2.729s] [01m[K/home/ubuntu/Documents/swarm/ros/src/example_2/hardware/diffbot_system.cpp:124:3:[m[K [01;31m[Kerror: [m[Kâ€˜[01m[Kcomms_[m[Kâ€™ was not declared in this scope
[2.729s]   124 |   [01;31m[Kcomms_[m[K.read_encoder_values(wheel_l_.enc, wheel_r_.enc);
[2.729s]       |   [01;31m[K^~~~~~[m[K
[2.733s] [01m[K/home/ubuntu/Documents/swarm/ros/src/example_2/hardware/diffbot_system.cpp:124:30:[m[K [01;31m[Kerror: [m[Kâ€˜[01m[Kwheel_l_[m[Kâ€™ was not declared in this scope
[2.733s]   124 |   comms_.read_encoder_values([01;31m[Kwheel_l_[m[K.enc, wheel_r_.enc);
[2.733s]       |                              [01;31m[K^~~~~~~~[m[K
[2.737s] [01m[K/home/ubuntu/Documents/swarm/ros/src/example_2/hardware/diffbot_system.cpp:124:44:[m[K [01;31m[Kerror: [m[Kâ€˜[01m[Kwheel_r_[m[Kâ€™ was not declared in this scope
[2.737s]   124 |   comms_.read_encoder_values(wheel_l_.enc, [01;31m[Kwheel_r_[m[K.enc);
[2.737s]       |                                            [01;31m[K^~~~~~~~[m[K
[2.741s] [01m[K/home/ubuntu/Documents/swarm/ros/src/example_2/hardware/diffbot_system.cpp:[m[K In member function â€˜[01m[Kvirtual hardware_interface::return_type ros2_control_demo_example_2::DiffBotSystemHardware::write(const rclcpp::Time&, const rclcpp::Duration&)[m[Kâ€™:
[2.741s] [01m[K/home/ubuntu/Documents/swarm/ros/src/example_2/hardware/diffbot_system.cpp:142:8:[m[K [01;31m[Kerror: [m[Kâ€˜[01m[Kcomms_[m[Kâ€™ was not declared in this scope
[2.741s]   142 |   if (![01;31m[Kcomms_[m[K.connected())
[2.741s]       |        [01;31m[K^~~~~~[m[K
[2.744s] [01m[K/home/ubuntu/Documents/swarm/ros/src/example_2/hardware/diffbot_system.cpp:150:3:[m[K [01;31m[Kerror: [m[Kâ€˜[01m[Kcomms_[m[Kâ€™ was not declared in this scope
[2.744s]   150 |   [01;31m[Kcomms_[m[K.set_motor_values(motor_l_counts_per_loop, motor_r_counts_per_loop);
[2.745s]       |   [01;31m[K^~~~~~[m[K
[2.981s] gmake[2]: *** [CMakeFiles/ros2_control_demo_example_2.dir/build.make:76: CMakeFiles/ros2_control_demo_example_2.dir/hardware/diffbot_system.cpp.o] Error 1
[2.981s] gmake[1]: *** [CMakeFiles/Makefile2:137: CMakeFiles/ros2_control_demo_example_2.dir/all] Error 2
[2.982s] gmake: *** [Makefile:146: all] Error 2
[2.983s] Invoked command in '/home/ubuntu/Documents/swarm/build/ros2_control_demo_example_2' returned '2': AMENT_PREFIX_PATH=/home/ubuntu/Documents/swarm/install/ros2_control_demo_description:${AMENT_PREFIX_PATH} CMAKE_PREFIX_PATH=/home/ubuntu/Documents/swarm/install/ros2_control_demo_description:/opt/ros/humble /usr/bin/cmake --build /home/ubuntu/Documents/swarm/build/ros2_control_demo_example_2 -- -j8 -l8
